#
# There is insufficient memory for the Java Runtime Environment to continue.
# Native memory allocation (malloc) failed to allocate 1048576 bytes. Error detail: AllocateHeap
# Possible reasons:
#   The system is out of physical RAM or swap space
#   This process is running with CompressedOops enabled, and the Java Heap may be blocking the growth of the native heap
# Possible solutions:
#   Reduce memory load on the system
#   Increase physical memory or swap space
#   Check if swap backing store is full
#   Decrease Java heap size (-Xmx/-Xms)
#   Decrease number of Java threads
#   Decrease Java thread stack sizes (-Xss)
#   Set larger code cache with -XX:ReservedCodeCacheSize=
#   JVM is running with Unscaled Compressed Oops mode in which the Java heap is
#     placed in the first 4GB address space. The Java Heap base address is the
#     maximum limit for the native heap growth. Please use -XX:HeapBaseMinAddress
#     to set the Java Heap base and to place the Java Heap above 4GB virtual address.
# This output file may be truncated or incomplete.
#
#  Out of Memory Error (allocation.cpp:44), pid=12348, tid=15208
#
# JRE version: OpenJDK Runtime Environment Temurin-21.0.5+11 (21.0.5+11) (build 21.0.5+11-LTS)
# Java VM: OpenJDK 64-Bit Server VM Temurin-21.0.5+11 (21.0.5+11-LTS, mixed mode, emulated-client, sharing, tiered, compressed oops, compressed class ptrs, g1 gc, windows-amd64)
# No core dump will be written. Minidumps are not enabled by default on client versions of Windows
#

---------------  S U M M A R Y ------------

Command Line: -Dcom.sun.management.jmxremote -Dcom.sun.management.jmxremote.port=53219 -Dcom.sun.management.jmxremote.authenticate=false -Dcom.sun.management.jmxremote.ssl=false -Djava.rmi.server.hostname=localhost -Dspring.jmx.enabled=true -Dmanagement.endpoints.jmx.exposure.include=* -Dspring.application.admin.enabled=true -XX:TieredStopAtLevel=1 -Dspring.boot.project.name=online-food-ordering -Dfile.encoding=UTF-8 -Dstdout.encoding=UTF-8 -Dstderr.encoding=UTF-8 -XX:+ShowCodeDetailsInExceptionMessages com.adi.OnlineFoodOrderingApplication --spring.output.ansi.enabled=always

Host: AMD Ryzen 3 7320U with Radeon Graphics         , 8 cores, 5G,  Windows 11 , 64 bit Build 26100 (10.0.26100.3037)
Time: Sat Mar  8 18:25:44 2025 India Standard Time elapsed time: 2076.784959 seconds (0d 0h 34m 36s)

---------------  T H R E A D  ---------------

Current thread (0x000001f9f89c3410):  VMThread "VM Thread"          [id=15208, stack(0x0000007b84800000,0x0000007b84900000) (1024K)]

Stack: [0x0000007b84800000,0x0000007b84900000]
Native frames: (J=compiled Java code, j=interpreted, Vv=VM code, C=native code)
V  [jvm.dll+0x6cd4e9]
V  [jvm.dll+0x8a7941]
V  [jvm.dll+0x8a9e6e]
V  [jvm.dll+0x8aa543]
V  [jvm.dll+0x27f6d6]
V  [jvm.dll+0xbfb37]
V  [jvm.dll+0x3465a2]
V  [jvm.dll+0x34101e]
V  [jvm.dll+0x329918]
V  [jvm.dll+0x36bba4]
V  [jvm.dll+0x8b025f]
V  [jvm.dll+0x8b15e4]
V  [jvm.dll+0x8b1b20]
V  [jvm.dll+0x8b1dc3]
V  [jvm.dll+0x8514fb]
V  [jvm.dll+0x6cbbed]
C  [ucrtbase.dll+0x37b0]
C  [KERNEL32.DLL+0x2e8d7]
C  [ntdll.dll+0xbbf2c]

VM_Operation (0x0000007b83eff420): G1CollectFull, mode: safepoint, requested by thread 0x000001f9c1333f70


---------------  P R O C E S S  ---------------

Threads class SMR info:
_java_thread_list=0x000001f9fe6e35c0, length=19, elements={
0x000001f9f89dead0, 0x000001f9f89dfe50, 0x000001f9f89e79e0, 0x000001f9f89e8040,
0x000001f9f89ed220, 0x000001f9f89f3ab0, 0x000001f9f89ffe60, 0x000001f9f8bf11e0,
0x000001f9f8bf1870, 0x000001f9f8bf3940, 0x000001f9f8bf2c20, 0x000001f9f8bf32b0,
0x000001f9f8bf0b50, 0x000001f9f8bf1f00, 0x000001f9f8bf2590, 0x000001f9fd6da850,
0x000001f9fd6d8780, 0x000001f9c13359b0, 0x000001f9c1333f70
}

Java Threads: ( => current thread )
  0x000001f9f89dead0 JavaThread "Reference Handler"          daemon [_thread_blocked, id=8472, stack(0x0000007b84900000,0x0000007b84a00000) (1024K)]
  0x000001f9f89dfe50 JavaThread "Finalizer"                  daemon [_thread_blocked, id=20708, stack(0x0000007b84a00000,0x0000007b84b00000) (1024K)]
  0x000001f9f89e79e0 JavaThread "Signal Dispatcher"          daemon [_thread_blocked, id=16912, stack(0x0000007b84b00000,0x0000007b84c00000) (1024K)]
  0x000001f9f89e8040 JavaThread "Attach Listener"            daemon [_thread_blocked, id=4048, stack(0x0000007b84c00000,0x0000007b84d00000) (1024K)]
  0x000001f9f89ed220 JavaThread "Service Thread"             daemon [_thread_blocked, id=7580, stack(0x0000007b84d00000,0x0000007b84e00000) (1024K)]
  0x000001f9f89f3ab0 JavaThread "Monitor Deflation Thread"   daemon [_thread_blocked, id=7116, stack(0x0000007b84e00000,0x0000007b84f00000) (1024K)]
  0x000001f9f89ffe60 JavaThread "C1 CompilerThread0"         daemon [_thread_blocked, id=2876, stack(0x0000007b84f00000,0x0000007b85000000) (1024K)]
  0x000001f9f8bf11e0 JavaThread "Common-Cleaner"             daemon [_thread_blocked, id=21632, stack(0x0000007b85000000,0x0000007b85100000) (1024K)]
  0x000001f9f8bf1870 JavaThread "Notification Thread"        daemon [_thread_blocked, id=14708, stack(0x0000007b85200000,0x0000007b85300000) (1024K)]
  0x000001f9f8bf3940 JavaThread "RMI TCP Accept-0"           daemon [_thread_in_native, id=12188, stack(0x0000007b85300000,0x0000007b85400000) (1024K)]
  0x000001f9f8bf2c20 JavaThread "RMI TCP Accept-53219"       daemon [_thread_in_native, id=5460, stack(0x0000007b85400000,0x0000007b85500000) (1024K)]
  0x000001f9f8bf32b0 JavaThread "RMI TCP Accept-0"           daemon [_thread_in_native, id=23980, stack(0x0000007b85500000,0x0000007b85600000) (1024K)]
  0x000001f9f8bf0b50 JavaThread "RMI Scheduler(0)"           daemon [_thread_blocked, id=16744, stack(0x0000007b85700000,0x0000007b85800000) (1024K)]
  0x000001f9f8bf1f00 JavaThread "RMI TCP Connection(idle)"   daemon [_thread_blocked, id=1868, stack(0x0000007b85800000,0x0000007b85900000) (1024K)]
  0x000001f9f8bf2590 JavaThread "JMX server connection timeout 28" daemon [_thread_blocked, id=17332, stack(0x0000007b85900000,0x0000007b85a00000) (1024K)]
  0x000001f9fd6da850 JavaThread "mysql-cj-abandoned-connection-cleanup" daemon [_thread_blocked, id=5584, stack(0x0000007b86700000,0x0000007b86800000) (1024K)]
  0x000001f9fd6d8780 JavaThread "Live Reload Server"         daemon [_thread_in_native, id=12508, stack(0x0000007b86d00000,0x0000007b86e00000) (1024K)]
  0x000001f9c13359b0 JavaThread "DestroyJavaVM"                     [_thread_blocked, id=9428, stack(0x0000007b84100000,0x0000007b84200000) (1024K)]
  0x000001f9c1333f70 JavaThread "Thread-5"                          [_thread_blocked, id=23984, stack(0x0000007b83e00000,0x0000007b83f00000) (1024K)]
Total: 19

Other Threads:
=>0x000001f9f89c3410 VMThread "VM Thread"                           [id=15208, stack(0x0000007b84800000,0x0000007b84900000) (1024K)]
  0x000001f9f89b3170 WatcherThread "VM Periodic Task Thread"        [id=15304, stack(0x0000007b84700000,0x0000007b84800000) (1024K)]
  0x000001f9ed634fb0 WorkerThread "GC Thread#0"                     [id=9984, stack(0x0000007b84200000,0x0000007b84300000) (1024K)]
  0x000001f9fd3b0700 WorkerThread "GC Thread#1"                     [id=18764, stack(0x0000007b85a00000,0x0000007b85b00000) (1024K)]
  0x000001f9fd462a90 WorkerThread "GC Thread#2"                     [id=17948, stack(0x0000007b85b00000,0x0000007b85c00000) (1024K)]
  0x000001f9fd462e30 WorkerThread "GC Thread#3"                     [id=24080, stack(0x0000007b85c00000,0x0000007b85d00000) (1024K)]
  0x000001f9fd4637e0 WorkerThread "GC Thread#4"                     [id=21336, stack(0x0000007b85d00000,0x0000007b85e00000) (1024K)]
  0x000001f9fd475ba0 WorkerThread "GC Thread#5"                     [id=21700, stack(0x0000007b85e00000,0x0000007b85f00000) (1024K)]
  0x000001f9fd47df50 WorkerThread "GC Thread#6"                     [id=23076, stack(0x0000007b85f00000,0x0000007b86000000) (1024K)]
  0x000001f9fd47e2f0 WorkerThread "GC Thread#7"                     [id=15176, stack(0x0000007b86000000,0x0000007b86100000) (1024K)]
  0x000001f9ed6427a0 ConcurrentGCThread "G1 Main Marker"            [id=20768, stack(0x0000007b84300000,0x0000007b84400000) (1024K)]
  0x000001f9ed643950 WorkerThread "G1 Conc#0"                       [id=18820, stack(0x0000007b84400000,0x0000007b84500000) (1024K)]
  0x000001f9fe228050 WorkerThread "G1 Conc#1"                       [id=23856, stack(0x0000007b86300000,0x0000007b86400000) (1024K)]
  0x000001f9f88805e0 ConcurrentGCThread "G1 Refine#0"               [id=2916, stack(0x0000007b84500000,0x0000007b84600000) (1024K)]
  0x000001f9f8881a20 ConcurrentGCThread "G1 Service"                [id=10528, stack(0x0000007b84600000,0x0000007b84700000) (1024K)]
Total: 15

Threads with active compile tasks:
Total: 0

VM state: at safepoint (normal execution)

VM Mutex/Monitor currently owned by a thread:  ([mutex/lock_event])
[0x00007ffde491d380] Threads_lock - owner thread: 0x000001f9f89c3410
[0x00007ffde491d480] Heap_lock - owner thread: 0x000001f9c1333f70

Heap address: 0x00000000a2c00000, size: 1492 MB, Compressed Oops mode: 32-bit

CDS archive(s) mapped at: [0x000001f980000000-0x000001f980c80000-0x000001f980c80000), size 13107200, SharedBaseAddress: 0x000001f980000000, ArchiveRelocationMode: 1.
Compressed class space mapped at: 0x000001f981000000-0x000001f9c1000000, reserved size: 1073741824
Narrow klass base: 0x000001f980000000, Narrow klass shift: 0, Narrow klass range: 0x100000000

GC Precious Log:
 CardTable entry size: 512
 Card Set container configuration: InlinePtr #cards 5 size 8 Array Of Cards #cards 12 size 40 Howl #buckets 4 coarsen threshold 1843 Howl Bitmap #cards 512 size 80 coarsen threshold 460 Card regions per heap region 1 cards per card region 2048
 CPUs: 8 total, 8 available
 Memory: 5965M
 Large Page Support: Disabled
 NUMA Support: Disabled
 Compressed Oops: Enabled (32-bit)
 Heap Region Size: 1M
 Heap Min Capacity: 8M
 Heap Initial Capacity: 94M
 Heap Max Capacity: 1492M
 Pre-touch: Disabled
 Parallel Workers: 8
 Concurrent Workers: 2
 Concurrent Refinement Workers: 8
 Periodic GC: Disabled

Heap:
 garbage-first heap   total 66560K, used 50320K [0x00000000a2c00000, 0x0000000100000000)
  region size 1024K, 21 young (21504K), 2 survivors (2048K)
 Metaspace       used 71237K, committed 72000K, reserved 1114112K
  class space    used 9991K, committed 10368K, reserved 1048576K

Heap Regions: E=young(eden), S=young(survivor), O=old, HS=humongous(starts), HC=humongous(continues), CS=collection set, F=free, TAMS=top-at-mark-start, PB=parsable bottom
|   0|0x00000000a2c00000, 0x00000000a2d00000, 0x00000000a2d00000|100%|HS|  |TAMS 0x00000000a2c00000| PB 0x00000000a2c00000| Complete 
|   1|0x00000000a2d00000, 0x00000000a2e00000, 0x00000000a2e00000|100%|HS|  |TAMS 0x00000000a2d00000| PB 0x00000000a2d00000| Complete 
|   2|0x00000000a2e00000, 0x00000000a2f00000, 0x00000000a2f00000|100%| O|  |TAMS 0x00000000a2e00000| PB 0x00000000a2e00000| Untracked 
|   3|0x00000000a2f00000, 0x00000000a3000000, 0x00000000a3000000|100%| O|  |TAMS 0x00000000a2f00000| PB 0x00000000a2f00000| Untracked 
|   4|0x00000000a3000000, 0x00000000a3100000, 0x00000000a3100000|100%| O|  |TAMS 0x00000000a3000000| PB 0x00000000a3000000| Untracked 
|   5|0x00000000a3100000, 0x00000000a3200000, 0x00000000a3200000|100%| O|  |TAMS 0x00000000a3100000| PB 0x00000000a3100000| Untracked 
|   6|0x00000000a3200000, 0x00000000a3300000, 0x00000000a3300000|100%| O|  |TAMS 0x00000000a3200000| PB 0x00000000a3200000| Untracked 
|   7|0x00000000a3300000, 0x00000000a3400000, 0x00000000a3400000|100%| O|  |TAMS 0x00000000a3300000| PB 0x00000000a3300000| Untracked 
|   8|0x00000000a3400000, 0x00000000a3500000, 0x00000000a3500000|100%| O|  |TAMS 0x00000000a3400000| PB 0x00000000a3400000| Untracked 
|   9|0x00000000a3500000, 0x00000000a3600000, 0x00000000a3600000|100%| O|  |TAMS 0x00000000a3500000| PB 0x00000000a3500000| Untracked 
|  10|0x00000000a3600000, 0x00000000a3700000, 0x00000000a3700000|100%| O|  |TAMS 0x00000000a3600000| PB 0x00000000a3600000| Untracked 
|  11|0x00000000a3700000, 0x00000000a3800000, 0x00000000a3800000|100%| O|  |TAMS 0x00000000a3700000| PB 0x00000000a3700000| Untracked 
|  12|0x00000000a3800000, 0x00000000a3900000, 0x00000000a3900000|100%| O|  |TAMS 0x00000000a3800000| PB 0x00000000a3800000| Untracked 
|  13|0x00000000a3900000, 0x00000000a3a00000, 0x00000000a3a00000|100%| O|  |TAMS 0x00000000a3900000| PB 0x00000000a3900000| Untracked 
|  14|0x00000000a3a00000, 0x00000000a3b00000, 0x00000000a3b00000|100%| O|  |TAMS 0x00000000a3a00000| PB 0x00000000a3a00000| Untracked 
|  15|0x00000000a3b00000, 0x00000000a3c00000, 0x00000000a3c00000|100%| O|  |TAMS 0x00000000a3b00000| PB 0x00000000a3b00000| Untracked 
|  16|0x00000000a3c00000, 0x00000000a3d00000, 0x00000000a3d00000|100%| O|  |TAMS 0x00000000a3c00000| PB 0x00000000a3c00000| Untracked 
|  17|0x00000000a3d00000, 0x00000000a3e00000, 0x00000000a3e00000|100%| O|  |TAMS 0x00000000a3d00000| PB 0x00000000a3d00000| Untracked 
|  18|0x00000000a3e00000, 0x00000000a3e74788, 0x00000000a3f00000| 45%| O|  |TAMS 0x00000000a3e00000| PB 0x00000000a3e00000| Untracked 
|  19|0x00000000a3f00000, 0x00000000a3f00000, 0x00000000a4000000|  0%| F|  |TAMS 0x00000000a3f00000| PB 0x00000000a3f00000| Untracked 
|  20|0x00000000a4000000, 0x00000000a4000000, 0x00000000a4100000|  0%| F|  |TAMS 0x00000000a4000000| PB 0x00000000a4000000| Untracked 
|  21|0x00000000a4100000, 0x00000000a4200000, 0x00000000a4200000|100%| O|  |TAMS 0x00000000a4100000| PB 0x00000000a4100000| Untracked 
|  22|0x00000000a4200000, 0x00000000a4300000, 0x00000000a4300000|100%| O|  |TAMS 0x00000000a4200000| PB 0x00000000a4200000| Untracked 
|  23|0x00000000a4300000, 0x00000000a4300000, 0x00000000a4400000|  0%| F|  |TAMS 0x00000000a4300000| PB 0x00000000a4300000| Untracked 
|  24|0x00000000a4400000, 0x00000000a4500000, 0x00000000a4500000|100%| O|  |TAMS 0x00000000a4400000| PB 0x00000000a4400000| Untracked 
|  25|0x00000000a4500000, 0x00000000a4600000, 0x00000000a4600000|100%| O|  |TAMS 0x00000000a4500000| PB 0x00000000a4500000| Untracked 
|  26|0x00000000a4600000, 0x00000000a4700000, 0x00000000a4700000|100%| O|  |TAMS 0x00000000a4600000| PB 0x00000000a4600000| Untracked 
|  27|0x00000000a4700000, 0x00000000a4800000, 0x00000000a4800000|100%| O|  |TAMS 0x00000000a4700000| PB 0x00000000a4700000| Untracked 
|  28|0x00000000a4800000, 0x00000000a4900000, 0x00000000a4900000|100%| O|  |TAMS 0x00000000a4800000| PB 0x00000000a4800000| Untracked 
|  29|0x00000000a4900000, 0x00000000a4a00000, 0x00000000a4a00000|100%| O|  |TAMS 0x00000000a4900000| PB 0x00000000a4900000| Untracked 
|  30|0x00000000a4a00000, 0x00000000a4a00000, 0x00000000a4b00000|  0%| F|  |TAMS 0x00000000a4a00000| PB 0x00000000a4a00000| Untracked 
|  31|0x00000000a4b00000, 0x00000000a4b00000, 0x00000000a4c00000|  0%| F|  |TAMS 0x00000000a4b00000| PB 0x00000000a4b00000| Untracked 
|  32|0x00000000a4c00000, 0x00000000a4c00000, 0x00000000a4d00000|  0%| F|  |TAMS 0x00000000a4c00000| PB 0x00000000a4c00000| Untracked 
|  33|0x00000000a4d00000, 0x00000000a4e00000, 0x00000000a4e00000|100%| O|  |TAMS 0x00000000a4d00000| PB 0x00000000a4d00000| Untracked 
|  34|0x00000000a4e00000, 0x00000000a4f00000, 0x00000000a4f00000|100%| O|  |TAMS 0x00000000a4e00000| PB 0x00000000a4e00000| Untracked 
|  35|0x00000000a4f00000, 0x00000000a5000000, 0x00000000a5000000|100%| O|  |TAMS 0x00000000a4f00000| PB 0x00000000a4f00000| Untracked 
|  36|0x00000000a5000000, 0x00000000a50afb68, 0x00000000a5100000| 68%| S|CS|TAMS 0x00000000a5000000| PB 0x00000000a5000000| Complete 
|  37|0x00000000a5100000, 0x00000000a5200000, 0x00000000a5200000|100%| S|CS|TAMS 0x00000000a5100000| PB 0x00000000a5100000| Complete 
|  38|0x00000000a5200000, 0x00000000a5200000, 0x00000000a5300000|  0%| F|  |TAMS 0x00000000a5200000| PB 0x00000000a5200000| Untracked 
|  39|0x00000000a5300000, 0x00000000a5300000, 0x00000000a5400000|  0%| F|  |TAMS 0x00000000a5300000| PB 0x00000000a5300000| Untracked 
|  40|0x00000000a5400000, 0x00000000a5400000, 0x00000000a5500000|  0%| F|  |TAMS 0x00000000a5400000| PB 0x00000000a5400000| Untracked 
|  41|0x00000000a5500000, 0x00000000a5500000, 0x00000000a5600000|  0%| F|  |TAMS 0x00000000a5500000| PB 0x00000000a5500000| Untracked 
|  42|0x00000000a5600000, 0x00000000a5600000, 0x00000000a5700000|  0%| F|  |TAMS 0x00000000a5600000| PB 0x00000000a5600000| Untracked 
|  43|0x00000000a5700000, 0x00000000a5700000, 0x00000000a5800000|  0%| F|  |TAMS 0x00000000a5700000| PB 0x00000000a5700000| Untracked 
|  44|0x00000000a5800000, 0x00000000a5800000, 0x00000000a5900000|  0%| F|  |TAMS 0x00000000a5800000| PB 0x00000000a5800000| Untracked 
|  45|0x00000000a5900000, 0x00000000a5900000, 0x00000000a5a00000|  0%| F|  |TAMS 0x00000000a5900000| PB 0x00000000a5900000| Untracked 
|  46|0x00000000a5a00000, 0x00000000a5a66a30, 0x00000000a5b00000| 40%| E|  |TAMS 0x00000000a5a00000| PB 0x00000000a5a00000| Complete 
|  47|0x00000000a5b00000, 0x00000000a5c00000, 0x00000000a5c00000|100%| E|CS|TAMS 0x00000000a5b00000| PB 0x00000000a5b00000| Complete 
|  48|0x00000000a5c00000, 0x00000000a5d00000, 0x00000000a5d00000|100%| E|CS|TAMS 0x00000000a5c00000| PB 0x00000000a5c00000| Complete 
|  49|0x00000000a5d00000, 0x00000000a5e00000, 0x00000000a5e00000|100%| E|CS|TAMS 0x00000000a5d00000| PB 0x00000000a5d00000| Complete 
|  50|0x00000000a5e00000, 0x00000000a5f00000, 0x00000000a5f00000|100%| E|CS|TAMS 0x00000000a5e00000| PB 0x00000000a5e00000| Complete 
|  51|0x00000000a5f00000, 0x00000000a6000000, 0x00000000a6000000|100%| E|CS|TAMS 0x00000000a5f00000| PB 0x00000000a5f00000| Complete 
|  52|0x00000000a6000000, 0x00000000a6100000, 0x00000000a6100000|100%| E|CS|TAMS 0x00000000a6000000| PB 0x00000000a6000000| Complete 
|  53|0x00000000a6100000, 0x00000000a6200000, 0x00000000a6200000|100%| E|CS|TAMS 0x00000000a6100000| PB 0x00000000a6100000| Complete 
|  54|0x00000000a6200000, 0x00000000a6300000, 0x00000000a6300000|100%| E|CS|TAMS 0x00000000a6200000| PB 0x00000000a6200000| Complete 
|  55|0x00000000a6300000, 0x00000000a6400000, 0x00000000a6400000|100%| E|CS|TAMS 0x00000000a6300000| PB 0x00000000a6300000| Complete 
|  56|0x00000000a6400000, 0x00000000a6500000, 0x00000000a6500000|100%| E|CS|TAMS 0x00000000a6400000| PB 0x00000000a6400000| Complete 
|  57|0x00000000a6500000, 0x00000000a6600000, 0x00000000a6600000|100%| E|CS|TAMS 0x00000000a6500000| PB 0x00000000a6500000| Complete 
|  58|0x00000000a6600000, 0x00000000a6700000, 0x00000000a6700000|100%| E|CS|TAMS 0x00000000a6600000| PB 0x00000000a6600000| Complete 
|  59|0x00000000a6700000, 0x00000000a6800000, 0x00000000a6800000|100%| E|CS|TAMS 0x00000000a6700000| PB 0x00000000a6700000| Complete 
|  60|0x00000000a6800000, 0x00000000a6900000, 0x00000000a6900000|100%| E|CS|TAMS 0x00000000a6800000| PB 0x00000000a6800000| Complete 
|  61|0x00000000a6900000, 0x00000000a6a00000, 0x00000000a6a00000|100%| E|CS|TAMS 0x00000000a6900000| PB 0x00000000a6900000| Complete 
|  62|0x00000000a6a00000, 0x00000000a6b00000, 0x00000000a6b00000|100%| E|CS|TAMS 0x00000000a6a00000| PB 0x00000000a6a00000| Complete 
|  63|0x00000000a6b00000, 0x00000000a6c00000, 0x00000000a6c00000|100%| E|CS|TAMS 0x00000000a6b00000| PB 0x00000000a6b00000| Complete 
|  93|0x00000000a8900000, 0x00000000a8a00000, 0x00000000a8a00000|100%| E|CS|TAMS 0x00000000a8900000| PB 0x00000000a8900000| Complete 

Card table byte_map: [0x000001f9f4500000,0x000001f9f47f0000] _byte_map_base: 0x000001f9f3fea000

Marking Bits: (CMBitMap*) 0x000001f9ed6355c0
 Bits: [0x000001f9f47f0000, 0x000001f9f5f40000)

Polling page: 0x000001f9eb580000

Metaspace:

Usage:
  Non-class:     59.81 MB used.
      Class:      9.76 MB used.
       Both:     69.57 MB used.

Virtual space:
  Non-class space:       64.00 MB reserved,      60.19 MB ( 94%) committed,  1 nodes.
      Class space:        1.00 GB reserved,      10.12 MB ( <1%) committed,  1 nodes.
             Both:        1.06 GB reserved,      70.31 MB (  6%) committed. 

Chunk freelists:
   Non-Class:  3.77 MB
       Class:  5.91 MB
        Both:  9.68 MB

MaxMetaspaceSize: unlimited
CompressedClassSpaceSize: 1.00 GB
Initial GC threshold: 21.00 MB
Current GC threshold: 117.19 MB
CDS: on
 - commit_granule_bytes: 65536.
 - commit_granule_words: 8192.
 - virtual_space_node_default_size: 8388608.
 - enlarge_chunks_in_place: 1.
 - use_allocation_guard: 0.


Internal statistics:

num_allocs_failed_limit: 6.
num_arena_births: 1278.
num_arena_deaths: 428.
num_vsnodes_births: 2.
num_vsnodes_deaths: 0.
num_space_committed: 1125.
num_space_uncommitted: 0.
num_chunks_returned_to_freelist: 500.
num_chunks_taken_from_freelist: 3956.
num_chunk_merges: 132.
num_chunk_splits: 2653.
num_chunks_enlarged: 1994.
num_inconsistent_stats: 0.

CodeCache: size=49152Kb used=12352Kb max_used=13702Kb free=36799Kb
 bounds [0x000001f9f10f0000, 0x000001f9f1ea0000, 0x000001f9f40f0000]
 total_blobs=7719 nmethods=6954 adapters=688
 compilation: enabled
              stopped_count=0, restarted_count=0
 full_count=0

Compilation events (20 events):
Event: 2066.369 Thread 0x000001f9f89ffe60 8160       1       org.springframework.core.annotation.AnnotationAwareOrderComparator::findOrderFromAnnotation (69 bytes)
Event: 2066.424 Thread 0x000001f9f89ffe60 nmethod 8160 0x000001f9f1407390 code [0x000001f9f1407580, 0x000001f9f1407908]
Event: 2070.551 Thread 0x000001f9f89ffe60 8161       1       org.apache.tomcat.util.net.Acceptor::getState (5 bytes)
Event: 2070.568 Thread 0x000001f9f89ffe60 nmethod 8161 0x000001f9f156ed90 code [0x000001f9f156ef20, 0x000001f9f156efe8]
Event: 2070.707 Thread 0x000001f9f89ffe60 8162       1       ch.qos.logback.core.pattern.DynamicConverter::getFirstOption (35 bytes)
Event: 2070.818 Thread 0x000001f9f89ffe60 nmethod 8162 0x000001f9f1755790 code [0x000001f9f1755960, 0x000001f9f1755b18]
Event: 2070.818 Thread 0x000001f9f89ffe60 8163       1       ch.qos.logback.core.pattern.CompositeConverter::convert (43 bytes)
Event: 2070.832 Thread 0x000001f9f89ffe60 nmethod 8163 0x000001f9f1563810 code [0x000001f9f15639e0, 0x000001f9f1563c90]
Event: 2074.952 Thread 0x000001f9f89ffe60 8164       1       com.mysql.cj.conf.AbstractPropertyDefinition::getLowerBound (5 bytes)
Event: 2074.953 Thread 0x000001f9f89ffe60 nmethod 8164 0x000001f9f156f390 code [0x000001f9f156f520, 0x000001f9f156f5e8]
Event: 2074.953 Thread 0x000001f9f89ffe60 8165       1       com.mysql.cj.conf.AbstractPropertyDefinition::getUpperBound (5 bytes)
Event: 2074.954 Thread 0x000001f9f89ffe60 nmethod 8165 0x000001f9f1587c90 code [0x000001f9f1587e20, 0x000001f9f1587ee8]
Event: 2075.026 Thread 0x000001f9f89ffe60 8166       1       com.mysql.cj.jdbc.CloseOption$$Lambda/0x000001f981658000::test (12 bytes)
Event: 2075.028 Thread 0x000001f9f89ffe60 nmethod 8166 0x000001f9f151a010 code [0x000001f9f151a1a0, 0x000001f9f151a2c8]
Event: 2075.656 Thread 0x000001f9f89ffe60 8167       1       org.apache.juli.logging.DirectJDKLog::isDebugEnabled (11 bytes)
Event: 2075.660 Thread 0x000001f9f89ffe60 nmethod 8167 0x000001f9f1525310 code [0x000001f9f15254a0, 0x000001f9f15255b0]
Event: 2075.660 Thread 0x000001f9f89ffe60 8168       1       java.util.concurrent.locks.ReentrantReadWriteLock::writeLock (5 bytes)
Event: 2075.661 Thread 0x000001f9f89ffe60 nmethod 8168 0x000001f9f1590890 code [0x000001f9f1590a20, 0x000001f9f1590ae8]
Event: 2075.707 Thread 0x000001f9f89ffe60 8169  s    1       org.apache.catalina.util.LifecycleBase::setStateInternal (144 bytes)
Event: 2075.737 Thread 0x000001f9f89ffe60 nmethod 8169 0x000001f9f13c9290 code [0x000001f9f13c94c0, 0x000001f9f13c9bf0]

GC Heap History (20 events):
Event: 8.812 GC heap after
{Heap after GC invocations=13 (full 0):
 garbage-first heap   total 55296K, used 27726K [0x00000000a2c00000, 0x0000000100000000)
  region size 1024K, 2 young (2048K), 2 survivors (2048K)
 Metaspace       used 57398K, committed 58112K, reserved 1114112K
  class space    used 7968K, committed 8320K, reserved 1048576K
}
Event: 10.009 GC heap before
{Heap before GC invocations=14 (full 0):
 garbage-first heap   total 55296K, used 47182K [0x00000000a2c00000, 0x0000000100000000)
  region size 1024K, 22 young (22528K), 2 survivors (2048K)
 Metaspace       used 61391K, committed 62144K, reserved 1114112K
  class space    used 8610K, committed 8960K, reserved 1048576K
}
Event: 10.013 GC heap after
{Heap after GC invocations=15 (full 0):
 garbage-first heap   total 66560K, used 29065K [0x00000000a2c00000, 0x0000000100000000)
  region size 1024K, 3 young (3072K), 3 survivors (3072K)
 Metaspace       used 61391K, committed 62144K, reserved 1114112K
  class space    used 8610K, committed 8960K, reserved 1048576K
}
Event: 11.287 GC heap before
{Heap before GC invocations=15 (full 0):
 garbage-first heap   total 66560K, used 58761K [0x00000000a2c00000, 0x0000000100000000)
  region size 1024K, 32 young (32768K), 3 survivors (3072K)
 Metaspace       used 65442K, committed 66176K, reserved 1114112K
  class space    used 9129K, committed 9472K, reserved 1048576K
}
Event: 11.292 GC heap after
{Heap after GC invocations=16 (full 0):
 garbage-first heap   total 66560K, used 31032K [0x00000000a2c00000, 0x0000000100000000)
  region size 1024K, 4 young (4096K), 4 survivors (4096K)
 Metaspace       used 65442K, committed 66176K, reserved 1114112K
  class space    used 9129K, committed 9472K, reserved 1048576K
}
Event: 12.175 GC heap before
{Heap before GC invocations=16 (full 0):
 garbage-first heap   total 66560K, used 57656K [0x00000000a2c00000, 0x0000000100000000)
  region size 1024K, 30 young (30720K), 4 survivors (4096K)
 Metaspace       used 68509K, committed 69376K, reserved 1114112K
  class space    used 9603K, committed 9984K, reserved 1048576K
}
Event: 12.180 GC heap after
{Heap after GC invocations=17 (full 0):
 garbage-first heap   total 66560K, used 34052K [0x00000000a2c00000, 0x0000000100000000)
  region size 1024K, 3 young (3072K), 3 survivors (3072K)
 Metaspace       used 68509K, committed 69376K, reserved 1114112K
  class space    used 9603K, committed 9984K, reserved 1048576K
}
Event: 120.265 GC heap before
{Heap before GC invocations=17 (full 0):
 garbage-first heap   total 66560K, used 58628K [0x00000000a2c00000, 0x0000000100000000)
  region size 1024K, 27 young (27648K), 3 survivors (3072K)
 Metaspace       used 70658K, committed 71488K, reserved 1114112K
  class space    used 9902K, committed 10304K, reserved 1048576K
}
Event: 120.322 GC heap after
{Heap after GC invocations=18 (full 0):
 garbage-first heap   total 66560K, used 35234K [0x00000000a2c00000, 0x0000000100000000)
  region size 1024K, 2 young (2048K), 2 survivors (2048K)
 Metaspace       used 70658K, committed 71488K, reserved 1114112K
  class space    used 9902K, committed 10304K, reserved 1048576K
}
Event: 407.712 GC heap before
{Heap before GC invocations=19 (full 0):
 garbage-first heap   total 66560K, used 59810K [0x00000000a2c00000, 0x0000000100000000)
  region size 1024K, 26 young (26624K), 2 survivors (2048K)
 Metaspace       used 71107K, committed 72000K, reserved 1114112K
  class space    used 9961K, committed 10368K, reserved 1048576K
}
Event: 407.765 GC heap after
{Heap after GC invocations=20 (full 0):
 garbage-first heap   total 66560K, used 34934K [0x00000000a2c00000, 0x0000000100000000)
  region size 1024K, 2 young (2048K), 2 survivors (2048K)
 Metaspace       used 71107K, committed 72000K, reserved 1114112K
  class space    used 9961K, committed 10368K, reserved 1048576K
}
Event: 765.331 GC heap before
{Heap before GC invocations=20 (full 0):
 garbage-first heap   total 66560K, used 59510K [0x00000000a2c00000, 0x0000000100000000)
  region size 1024K, 26 young (26624K), 2 survivors (2048K)
 Metaspace       used 71107K, committed 72000K, reserved 1114112K
  class space    used 9961K, committed 10368K, reserved 1048576K
}
Event: 765.481 GC heap after
{Heap after GC invocations=21 (full 0):
 garbage-first heap   total 66560K, used 33122K [0x00000000a2c00000, 0x0000000100000000)
  region size 1024K, 2 young (2048K), 2 survivors (2048K)
 Metaspace       used 71107K, committed 72000K, reserved 1114112K
  class space    used 9961K, committed 10368K, reserved 1048576K
}
Event: 1139.530 GC heap before
{Heap before GC invocations=21 (full 0):
 garbage-first heap   total 66560K, used 58722K [0x00000000a2c00000, 0x0000000100000000)
  region size 1024K, 27 young (27648K), 2 survivors (2048K)
 Metaspace       used 71107K, committed 72000K, reserved 1114112K
  class space    used 9961K, committed 10368K, reserved 1048576K
}
Event: 1139.714 GC heap after
{Heap after GC invocations=22 (full 0):
 garbage-first heap   total 66560K, used 33051K [0x00000000a2c00000, 0x0000000100000000)
  region size 1024K, 2 young (2048K), 2 survivors (2048K)
 Metaspace       used 71107K, committed 72000K, reserved 1114112K
  class space    used 9961K, committed 10368K, reserved 1048576K
}
Event: 1507.255 GC heap before
{Heap before GC invocations=23 (full 0):
 garbage-first heap   total 66560K, used 58651K [0x00000000a2c00000, 0x0000000100000000)
  region size 1024K, 27 young (27648K), 2 survivors (2048K)
 Metaspace       used 71058K, committed 72000K, reserved 1114112K
  class space    used 9947K, committed 10368K, reserved 1048576K
}
Event: 1507.312 GC heap after
{Heap after GC invocations=24 (full 0):
 garbage-first heap   total 66560K, used 33214K [0x00000000a2c00000, 0x0000000100000000)
  region size 1024K, 2 young (2048K), 2 survivors (2048K)
 Metaspace       used 71058K, committed 72000K, reserved 1114112K
  class space    used 9947K, committed 10368K, reserved 1048576K
}
Event: 1805.854 GC heap before
{Heap before GC invocations=24 (full 0):
 garbage-first heap   total 66560K, used 57790K [0x00000000a2c00000, 0x0000000100000000)
  region size 1024K, 27 young (27648K), 2 survivors (2048K)
 Metaspace       used 71087K, committed 72000K, reserved 1114112K
  class space    used 9952K, committed 10368K, reserved 1048576K
}
Event: 1805.896 GC heap after
{Heap after GC invocations=25 (full 0):
 garbage-first heap   total 66560K, used 31888K [0x00000000a2c00000, 0x0000000100000000)
  region size 1024K, 2 young (2048K), 2 survivors (2048K)
 Metaspace       used 71087K, committed 72000K, reserved 1114112K
  class space    used 9952K, committed 10368K, reserved 1048576K
}
Event: 2075.751 GC heap before
{Heap before GC invocations=25 (full 0):
 garbage-first heap   total 66560K, used 50320K [0x00000000a2c00000, 0x0000000100000000)
  region size 1024K, 21 young (21504K), 2 survivors (2048K)
 Metaspace       used 71237K, committed 72000K, reserved 1114112K
  class space    used 9991K, committed 10368K, reserved 1048576K
}

Dll operation events (11 events):
Event: 0.012 Loaded shared library D:\sts\spring-tool-suite-4-4.27.0.RELEASE-e4.34.0-win32.win32.x86_64\sts-4.27.0.RELEASE\plugins\org.eclipse.justj.openjdk.hotspot.jre.full.win32.x86_64_21.0.5.v20241023-1957\jre\bin\java.dll
Event: 0.050 Loaded shared library D:\sts\spring-tool-suite-4-4.27.0.RELEASE-e4.34.0-win32.win32.x86_64\sts-4.27.0.RELEASE\plugins\org.eclipse.justj.openjdk.hotspot.jre.full.win32.x86_64_21.0.5.v20241023-1957\jre\bin\zip.dll
Event: 0.196 Loaded shared library D:\sts\spring-tool-suite-4-4.27.0.RELEASE-e4.34.0-win32.win32.x86_64\sts-4.27.0.RELEASE\plugins\org.eclipse.justj.openjdk.hotspot.jre.full.win32.x86_64_21.0.5.v20241023-1957\jre\bin\jimage.dll
Event: 0.208 Loaded shared library D:\sts\spring-tool-suite-4-4.27.0.RELEASE-e4.34.0-win32.win32.x86_64\sts-4.27.0.RELEASE\plugins\org.eclipse.justj.openjdk.hotspot.jre.full.win32.x86_64_21.0.5.v20241023-1957\jre\bin\net.dll
Event: 0.212 Loaded shared library D:\sts\spring-tool-suite-4-4.27.0.RELEASE-e4.34.0-win32.win32.x86_64\sts-4.27.0.RELEASE\plugins\org.eclipse.justj.openjdk.hotspot.jre.full.win32.x86_64_21.0.5.v20241023-1957\jre\bin\nio.dll
Event: 0.217 Loaded shared library D:\sts\spring-tool-suite-4-4.27.0.RELEASE-e4.34.0-win32.win32.x86_64\sts-4.27.0.RELEASE\plugins\org.eclipse.justj.openjdk.hotspot.jre.full.win32.x86_64_21.0.5.v20241023-1957\jre\bin\zip.dll
Event: 0.397 Loaded shared library D:\sts\spring-tool-suite-4-4.27.0.RELEASE-e4.34.0-win32.win32.x86_64\sts-4.27.0.RELEASE\plugins\org.eclipse.justj.openjdk.hotspot.jre.full.win32.x86_64_21.0.5.v20241023-1957\jre\bin\management.dll
Event: 0.420 Loaded shared library D:\sts\spring-tool-suite-4-4.27.0.RELEASE-e4.34.0-win32.win32.x86_64\sts-4.27.0.RELEASE\plugins\org.eclipse.justj.openjdk.hotspot.jre.full.win32.x86_64_21.0.5.v20241023-1957\jre\bin\management_ext.dll
Event: 0.921 Loaded shared library D:\sts\spring-tool-suite-4-4.27.0.RELEASE-e4.34.0-win32.win32.x86_64\sts-4.27.0.RELEASE\plugins\org.eclipse.justj.openjdk.hotspot.jre.full.win32.x86_64_21.0.5.v20241023-1957\jre\bin\extnet.dll
Event: 2.540 Loaded shared library D:\sts\spring-tool-suite-4-4.27.0.RELEASE-e4.34.0-win32.win32.x86_64\sts-4.27.0.RELEASE\plugins\org.eclipse.justj.openjdk.hotspot.jre.full.win32.x86_64_21.0.5.v20241023-1957\jre\bin\sunmscapi.dll
Event: 6.035 Loaded shared library D:\sts\spring-tool-suite-4-4.27.0.RELEASE-e4.34.0-win32.win32.x86_64\sts-4.27.0.RELEASE\plugins\org.eclipse.justj.openjdk.hotspot.jre.full.win32.x86_64_21.0.5.v20241023-1957\jre\bin\verify.dll

Deoptimization events (2 events):
Event: 4.565 Thread 0x000001f9fd6d9b30 DEOPT PACKING pc=0x000001f9f17fc30c sp=0x0000007b862fb990
Event: 4.565 Thread 0x000001f9fd6d9b30 DEOPT UNPACKING pc=0x000001f9f1144e42 sp=0x0000007b862fae50 mode 0

Classes loaded (20 events):
Event: 120.377 Loading class sun/nio/cs/ThreadLocalCoders$2
Event: 120.377 Loading class sun/nio/cs/ThreadLocalCoders$2 done
Event: 120.845 Loading class java/time/format/DateTimeFormatterBuilder$ZoneTextPrinterParser
Event: 120.846 Loading class java/time/format/DateTimeFormatterBuilder$ZoneTextPrinterParser done
Event: 120.846 Loading class java/time/format/DateTimeFormatterBuilder$ReducedPrinterParser
Event: 120.846 Loading class java/time/format/DateTimeFormatterBuilder$ReducedPrinterParser done
Event: 1772.595 Loading class sun/security/ssl/Alert
Event: 1772.752 Loading class sun/security/ssl/Alert done
Event: 1772.781 Loading class sun/security/ssl/Alert$AlertConsumer
Event: 1772.815 Loading class sun/security/ssl/Alert$AlertConsumer done
Event: 1772.818 Loading class sun/security/ssl/Alert$Level
Event: 1772.842 Loading class sun/security/ssl/Alert$Level done
Event: 1772.871 Loading class sun/net/ConnectionResetException
Event: 1772.875 Loading class sun/net/ConnectionResetException done
Event: 2069.784 Loading class java/util/concurrent/locks/AbstractQueuedSynchronizer$SharedNode
Event: 2069.848 Loading class java/util/concurrent/locks/AbstractQueuedSynchronizer$SharedNode done
Event: 2072.646 Loading class java/util/AbstractMap$2
Event: 2072.821 Loading class java/util/AbstractMap$2 done
Event: 2073.326 Loading class java/util/AbstractMap$2$1
Event: 2073.405 Loading class java/util/AbstractMap$2$1 done

Classes unloaded (20 events):
Event: 1140.501 Thread 0x000001f9f89c3410 Unloading class 0x000001f98196a000 'java/lang/invoke/LambdaForm$MH+0x000001f98196a000'
Event: 1140.502 Thread 0x000001f9f89c3410 Unloading class 0x000001f981969c00 'java/lang/invoke/LambdaForm$MH+0x000001f981969c00'
Event: 1140.502 Thread 0x000001f9f89c3410 Unloading class 0x000001f981969800 'java/lang/invoke/LambdaForm$MH+0x000001f981969800'
Event: 1140.502 Thread 0x000001f9f89c3410 Unloading class 0x000001f981968800 'java/lang/invoke/LambdaForm$MH+0x000001f981968800'
Event: 1140.502 Thread 0x000001f9f89c3410 Unloading class 0x000001f981968400 'java/lang/invoke/LambdaForm$MH+0x000001f981968400'
Event: 1140.502 Thread 0x000001f9f89c3410 Unloading class 0x000001f981968000 'java/lang/invoke/LambdaForm$MH+0x000001f981968000'
Event: 1140.503 Thread 0x000001f9f89c3410 Unloading class 0x000001f981419400 'java/lang/invoke/LambdaForm$MH+0x000001f981419400'
Event: 1140.503 Thread 0x000001f9f89c3410 Unloading class 0x000001f9811c5c00 'java/lang/invoke/LambdaForm$MH+0x000001f9811c5c00'
Event: 1140.503 Thread 0x000001f9f89c3410 Unloading class 0x000001f9811c4400 'java/lang/invoke/LambdaForm$MH+0x000001f9811c4400'
Event: 1140.504 Thread 0x000001f9f89c3410 Unloading class 0x000001f9811a0800 'java/lang/invoke/LambdaForm$MH+0x000001f9811a0800'
Event: 1140.504 Thread 0x000001f9f89c3410 Unloading class 0x000001f9811a0400 'java/lang/invoke/LambdaForm$MH+0x000001f9811a0400'
Event: 1140.504 Thread 0x000001f9f89c3410 Unloading class 0x000001f981199c00 'java/lang/invoke/LambdaForm$MH+0x000001f981199c00'
Event: 1140.504 Thread 0x000001f9f89c3410 Unloading class 0x000001f981199400 'java/lang/invoke/LambdaForm$MH+0x000001f981199400'
Event: 1140.504 Thread 0x000001f9f89c3410 Unloading class 0x000001f981199000 'java/lang/invoke/LambdaForm$MH+0x000001f981199000'
Event: 1140.504 Thread 0x000001f9f89c3410 Unloading class 0x000001f981198c00 'java/lang/invoke/LambdaForm$MH+0x000001f981198c00'
Event: 1140.505 Thread 0x000001f9f89c3410 Unloading class 0x000001f981118800 'java/lang/invoke/LambdaForm$MH+0x000001f981118800'
Event: 1140.505 Thread 0x000001f9f89c3410 Unloading class 0x000001f9810d8c00 'java/lang/invoke/LambdaForm$MH+0x000001f9810d8c00'
Event: 1140.506 Thread 0x000001f9f89c3410 Unloading class 0x000001f981006800 'java/lang/invoke/LambdaForm$MH+0x000001f981006800'
Event: 1140.507 Thread 0x000001f9f89c3410 Unloading class 0x000001f981005c00 'java/lang/invoke/LambdaForm$MH+0x000001f981005c00'
Event: 1140.508 Thread 0x000001f9f89c3410 Unloading class 0x000001f981001800 'java/lang/invoke/LambdaForm$MH+0x000001f981001800'

Classes redefined (0 events):
No events

Internal exceptions (20 events):
Event: 10.454 Thread 0x000001f9fd6d9b30 Exception <a 'java/lang/IncompatibleClassChangeError'{0x00000000a66cc880}: Found class java.lang.Object, but interface was expected> (0x00000000a66cc880) 
thrown [s\src\hotspot\share\interpreter\linkResolver.cpp, line 840]
Event: 10.514 Thread 0x000001f9fd6d9b30 Exception <a 'java/lang/IncompatibleClassChangeError'{0x00000000a6466f08}: Found class java.lang.Object, but interface was expected> (0x00000000a6466f08) 
thrown [s\src\hotspot\share\interpreter\linkResolver.cpp, line 840]
Event: 10.804 Thread 0x000001f9fd6d9b30 Exception <a 'java/lang/IncompatibleClassChangeError'{0x00000000a5b13648}: Found class java.lang.Object, but interface was expected> (0x00000000a5b13648) 
thrown [s\src\hotspot\share\interpreter\linkResolver.cpp, line 840]
Event: 10.933 Thread 0x000001f9fd6d9b30 Exception <a 'java/lang/IncompatibleClassChangeError'{0x00000000a59ee408}: Found class java.lang.Object, but interface was expected> (0x00000000a59ee408) 
thrown [s\src\hotspot\share\interpreter\linkResolver.cpp, line 840]
Event: 10.934 Thread 0x000001f9fd6d9b30 Exception <a 'java/lang/IncompatibleClassChangeError'{0x00000000a59f3d88}: Found class java.lang.Object, but interface was expected> (0x00000000a59f3d88) 
thrown [s\src\hotspot\share\interpreter\linkResolver.cpp, line 840]
Event: 11.048 Thread 0x000001f9fd6d9b30 Exception <a 'java/lang/NoSuchMethodError'{0x00000000a57a06c0}: 'java.lang.Object java.lang.invoke.DirectMethodHandle$Holder.invokeStatic(java.lang.Object, int, java.lang.Object)'> (0x00000000a57a06c0) 
thrown [s\src\hotspot\share\interpreter\linkResolver.cpp, line 773]
Event: 11.433 Thread 0x000001f9fd6d9b30 Exception <a 'java/lang/NoSuchMethodError'{0x00000000a688f2e8}: 'java.lang.Object java.lang.invoke.DirectMethodHandle$Holder.newInvokeSpecial(java.lang.Object, java.lang.Object, java.lang.Object, java.lang.Object, java.lang.Object, java.lang.Object, java.lang.Object, java.lang.Object)'> (0x00000000a688f2e8) 
thrown [s\src\hotspot\share\interpreter\linkResolver.cpp, line 773]
Event: 11.948 Thread 0x000001f9fd6d9b30 Exception <a 'java/lang/IncompatibleClassChangeError'{0x00000000a599d2f8}: Found class java.lang.Object, but interface was expected> (0x00000000a599d2f8) 
thrown [s\src\hotspot\share\interpreter\linkResolver.cpp, line 840]
Event: 12.181 Thread 0x000001f9fd6d9b30 Exception <a 'java/lang/NoSuchMethodError'{0x00000000a8903860}: 'void java.lang.invoke.DirectMethodHandle$Holder.invokeVirtual(java.lang.Object, java.lang.Object, long)'> (0x00000000a8903860) 
thrown [s\src\hotspot\share\interpreter\linkResolver.cpp, line 773]
Event: 12.244 Thread 0x000001f9fd6d9b30 Exception <a 'java/lang/NoSuchMethodError'{0x00000000a6a7c2c0}: 'int java.lang.invoke.DirectMethodHandle$Holder.invokeStaticInit(java.lang.Object, java.lang.Object, java.lang.Object, java.lang.Object)'> (0x00000000a6a7c2c0) 
thrown [s\src\hotspot\share\interpreter\linkResolver.cpp, line 773]
Event: 12.328 Thread 0x000001f9fd6d9b30 Exception <a 'java/lang/IncompatibleClassChangeError'{0x00000000a6741810}: Found class java.lang.Object, but interface was expected> (0x00000000a6741810) 
thrown [s\src\hotspot\share\interpreter\linkResolver.cpp, line 840]
Event: 12.365 Thread 0x000001f9fd6d9b30 Exception <a 'java/lang/NoSuchMethodError'{0x00000000a66afa78}: 'java.lang.Object java.lang.invoke.Invokers$Holder.invoke_MT(java.lang.Object, java.lang.Object, java.lang.Object, java.lang.Object, java.lang.Object, java.lang.Object, java.lang.Object, java.lang.Object, java.lang.Object, java.lang.Object, java.lang.Object)'> (0x00000000a66afa78) 
thrown [s\src\hotspot\share\interpreter\linkResolver.cpp, line 773]
Event: 12.476 Thread 0x000001f9fd6d9b30 Exception <a 'java/lang/NoSuchMethodError'{0x00000000a62b53a0}: 'java.lang.Object java.lang.invoke.DirectMethodHandle$Holder.newInvokeSpecial(java.lang.Object, java.lang.Object, int, java.lang.Object, java.lang.Object)'> (0x00000000a62b53a0) 
thrown [s\src\hotspot\share\interpreter\linkResolver.cpp, line 773]
Event: 12.895 Thread 0x000001f9f8bf1f00 Exception <a 'java/lang/NoSuchMethodError'{0x00000000a5e018d0}: 'java.lang.Object java.lang.invoke.DirectMethodHandle$Holder.invokeInterface(java.lang.Object, java.lang.Object, java.lang.Object, java.lang.Object, java.lang.Object, java.lang.Object, java.lang.Object)'> (0x00000000a5e018d0) 
thrown [s\src\hotspot\share\interpreter\linkResolver.cpp, line 773]
Event: 120.361 Thread 0x000001f9fd6dd640 Exception <a 'java/lang/NoSuchMethodError'{0x00000000a89342b0}: 'java.lang.Object java.lang.invoke.DirectMethodHandle$Holder.invokeSpecial(java.lang.Object, java.lang.Object, java.lang.Object, java.lang.Object, java.lang.Object, long)'> (0x00000000a89342b0) 
thrown [s\src\hotspot\share\interpreter\linkResolver.cpp, line 773]
Event: 120.361 Thread 0x000001f9fd6dd640 Exception <a 'java/lang/NoSuchMethodError'{0x00000000a8937a90}: 'java.lang.Object java.lang.invoke.Invokers$Holder.linkToTargetMethod(java.lang.Object, java.lang.Object, java.lang.Object, long, java.lang.Object)'> (0x00000000a8937a90) 
thrown [s\src\hotspot\share\interpreter\linkResolver.cpp, line 773]
Event: 312.992 Thread 0x000001f9f8bf1f00 Exception <a 'java/lang/NoSuchMethodError'{0x00000000a5bab520}: static [B.<clinit>()V> (0x00000000a5bab520) 
thrown [s\src\hotspot\share\prims\jni.cpp, line 1111]
Event: 1772.850 Thread 0x000001f9c1333f70 Exception <a 'java/io/IOException'{0x00000000a5ad9758}> (0x00000000a5ad9758) 
thrown [s\src\hotspot\share\prims\jni.cpp, line 520]
Event: 1772.870 Thread 0x000001f9c1333f70 Exception <a 'java/io/IOException'{0x00000000a5adab50}> (0x00000000a5adab50) 
thrown [s\src\hotspot\share\prims\jni.cpp, line 520]
Event: 2075.705 Thread 0x000001f9fd6db570 Exception <a 'java/lang/InterruptedException'{0x00000000a5a55d18}: sleep interrupted> (0x00000000a5a55d18) 
thrown [s\src\hotspot\share\prims\jvm.cpp, line 3074]

ZGC Phase Switch (0 events):
No events

VM Operations (20 events):
Event: 1773.829 Executing VM operation: Cleanup done
Event: 1786.932 Executing VM operation: Cleanup
Event: 1786.949 Executing VM operation: Cleanup done
Event: 1799.045 Executing VM operation: Cleanup
Event: 1799.045 Executing VM operation: Cleanup done
Event: 1805.853 Executing VM operation: G1CollectForAllocation (G1 Evacuation Pause)
Event: 1805.896 Executing VM operation: G1CollectForAllocation (G1 Evacuation Pause) done
Event: 1864.580 Executing VM operation: HandshakeAllThreads (HandshakeForDeflation)
Event: 1864.587 Executing VM operation: HandshakeAllThreads (HandshakeForDeflation) done
Event: 1864.588 Executing VM operation: RendezvousGCThreads
Event: 1864.588 Executing VM operation: RendezvousGCThreads done
Event: 2063.897 Executing VM operation: Cleanup
Event: 2063.944 Executing VM operation: Cleanup done
Event: 2065.944 Executing VM operation: Cleanup
Event: 2065.947 Executing VM operation: Cleanup done
Event: 2069.948 Executing VM operation: Cleanup
Event: 2069.993 Executing VM operation: Cleanup done
Event: 2071.992 Executing VM operation: Cleanup
Event: 2072.015 Executing VM operation: Cleanup done
Event: 2075.748 Executing VM operation: G1CollectFull (System.gc())

Memory protections (0 events):
No events

Nmethod flushes (20 events):
Event: 1141.256 Thread 0x000001f9f89c3410 flushing  nmethod 0x000001f9f17f4810
Event: 1141.256 Thread 0x000001f9f89c3410 flushing  nmethod 0x000001f9f17f4b90
Event: 1141.256 Thread 0x000001f9f89c3410 flushing  nmethod 0x000001f9f17f5d90
Event: 1141.256 Thread 0x000001f9f89c3410 flushing  nmethod 0x000001f9f1831c10
Event: 1141.256 Thread 0x000001f9f89c3410 flushing  nmethod 0x000001f9f1832810
Event: 1141.256 Thread 0x000001f9f89c3410 flushing  nmethod 0x000001f9f18b3790
Event: 1141.256 Thread 0x000001f9f89c3410 flushing  nmethod 0x000001f9f18b4810
Event: 1141.256 Thread 0x000001f9f89c3410 flushing  nmethod 0x000001f9f18b6410
Event: 1141.256 Thread 0x000001f9f89c3410 flushing  nmethod 0x000001f9f18b6790
Event: 1141.257 Thread 0x000001f9f89c3410 flushing  nmethod 0x000001f9f18b6b90
Event: 1141.257 Thread 0x000001f9f89c3410 flushing  nmethod 0x000001f9f18cce10
Event: 1141.257 Thread 0x000001f9f89c3410 flushing  nmethod 0x000001f9f18cdc90
Event: 1141.257 Thread 0x000001f9f89c3410 flushing  nmethod 0x000001f9f18eac90
Event: 1141.258 Thread 0x000001f9f89c3410 flushing  nmethod 0x000001f9f18eea90
Event: 1141.258 Thread 0x000001f9f89c3410 flushing  nmethod 0x000001f9f18ef710
Event: 1141.258 Thread 0x000001f9f89c3410 flushing  nmethod 0x000001f9f18f0310
Event: 1141.258 Thread 0x000001f9f89c3410 flushing  nmethod 0x000001f9f190fc90
Event: 1141.258 Thread 0x000001f9f89c3410 flushing  nmethod 0x000001f9f1912810
Event: 1141.259 Thread 0x000001f9f89c3410 flushing  nmethod 0x000001f9f193a690
Event: 1141.259 Thread 0x000001f9f89c3410 flushing  nmethod 0x000001f9f195da90

Events (20 events):
Event: 2069.761 Thread 0x000001f9c1333f70 Thread added: 0x000001f9c1337a80
Event: 2070.643 Thread 0x000001f9c13373f0 Thread exited: 0x000001f9c13373f0
Event: 2070.825 Thread 0x000001f9c1337a80 Thread exited: 0x000001f9c1337a80
Event: 2070.930 Thread 0x000001f9c1336d60 Thread exited: 0x000001f9c1336d60
Event: 2071.015 Thread 0x000001f9fd6de9f0 Thread exited: 0x000001f9fd6de9f0
Event: 2071.015 Thread 0x000001f9fd6dc290 Thread exited: 0x000001f9fd6dc290
Event: 2071.016 Thread 0x000001f9fd6de360 Thread exited: 0x000001f9fd6de360
Event: 2071.017 Thread 0x000001f9fd6dbc00 Thread exited: 0x000001f9fd6dbc00
Event: 2071.018 Thread 0x000001f9fd6dcfb0 Thread exited: 0x000001f9fd6dcfb0
Event: 2071.018 Thread 0x000001f9fd6ddcd0 Thread exited: 0x000001f9fd6ddcd0
Event: 2071.018 Thread 0x000001f9fd6df080 Thread exited: 0x000001f9fd6df080
Event: 2071.018 Thread 0x000001f9fd6dc920 Thread exited: 0x000001f9fd6dc920
Event: 2071.018 Thread 0x000001f9c13366d0 Thread exited: 0x000001f9c13366d0
Event: 2071.018 Thread 0x000001f9fd6dd640 Thread exited: 0x000001f9fd6dd640
Event: 2074.526 Thread 0x000001f9c1333f70 Thread added: 0x000001f9c1336040
Event: 2074.564 Thread 0x000001f9fd6d8e10 Thread exited: 0x000001f9fd6d8e10
Event: 2075.047 Thread 0x000001f9c1336040 Thread exited: 0x000001f9c1336040
Event: 2075.701 Thread 0x000001f9fd6d94a0 Thread exited: 0x000001f9fd6d94a0
Event: 2075.706 Thread 0x000001f9fd6db570 Thread exited: 0x000001f9fd6db570
Event: 2075.737 Thread 0x000001f9fd6da1c0 Thread exited: 0x000001f9fd6da1c0


Dynamic libraries:
0x00007ff755770000 - 0x00007ff75577e000 	D:\sts\spring-tool-suite-4-4.27.0.RELEASE-e4.34.0-win32.win32.x86_64\sts-4.27.0.RELEASE\plugins\org.eclipse.justj.openjdk.hotspot.jre.full.win32.x86_64_21.0.5.v20241023-1957\jre\bin\javaw.exe
0x00007ffe77440000 - 0x00007ffe776a3000 	C:\WINDOWS\SYSTEM32\ntdll.dll
0x00007ffe76470000 - 0x00007ffe76537000 	C:\WINDOWS\System32\KERNEL32.DLL
0x00007ffe74b50000 - 0x00007ffe74f17000 	C:\WINDOWS\System32\KERNELBASE.dll
0x00007ffe75130000 - 0x00007ffe7527c000 	C:\WINDOWS\System32\ucrtbase.dll
0x00007ffe6ac40000 - 0x00007ffe6ac58000 	D:\sts\spring-tool-suite-4-4.27.0.RELEASE-e4.34.0-win32.win32.x86_64\sts-4.27.0.RELEASE\plugins\org.eclipse.justj.openjdk.hotspot.jre.full.win32.x86_64_21.0.5.v20241023-1957\jre\bin\jli.dll
0x00007ffe54a50000 - 0x00007ffe54a6e000 	D:\sts\spring-tool-suite-4-4.27.0.RELEASE-e4.34.0-win32.win32.x86_64\sts-4.27.0.RELEASE\plugins\org.eclipse.justj.openjdk.hotspot.jre.full.win32.x86_64_21.0.5.v20241023-1957\jre\bin\VCRUNTIME140.dll
0x00007ffe76650000 - 0x00007ffe76819000 	C:\WINDOWS\System32\USER32.dll
0x00007ffe5a150000 - 0x00007ffe5a3e0000 	C:\WINDOWS\WinSxS\amd64_microsoft.windows.common-controls_6595b64144ccf1df_6.0.26100.3037_none_3e09262ce333c378\COMCTL32.dll
0x00007ffe74a60000 - 0x00007ffe74a87000 	C:\WINDOWS\System32\win32u.dll
0x00007ffe769c0000 - 0x00007ffe76a69000 	C:\WINDOWS\System32\msvcrt.dll
0x00007ffe75dc0000 - 0x00007ffe75dea000 	C:\WINDOWS\System32\GDI32.dll
0x00007ffe74890000 - 0x00007ffe749bb000 	C:\WINDOWS\System32\gdi32full.dll
0x00007ffe747e0000 - 0x00007ffe74883000 	C:\WINDOWS\System32\msvcp_win.dll
0x00007ffe76ec0000 - 0x00007ffe76eef000 	C:\WINDOWS\System32\IMM32.DLL
0x00007ffe69c20000 - 0x00007ffe69c2c000 	D:\sts\spring-tool-suite-4-4.27.0.RELEASE-e4.34.0-win32.win32.x86_64\sts-4.27.0.RELEASE\plugins\org.eclipse.justj.openjdk.hotspot.jre.full.win32.x86_64_21.0.5.v20241023-1957\jre\bin\vcruntime140_1.dll
0x00007ffe3fad0000 - 0x00007ffe3fb5d000 	D:\sts\spring-tool-suite-4-4.27.0.RELEASE-e4.34.0-win32.win32.x86_64\sts-4.27.0.RELEASE\plugins\org.eclipse.justj.openjdk.hotspot.jre.full.win32.x86_64_21.0.5.v20241023-1957\jre\bin\msvcp140.dll
0x00007ffde3c70000 - 0x00007ffde49ff000 	D:\sts\spring-tool-suite-4-4.27.0.RELEASE-e4.34.0-win32.win32.x86_64\sts-4.27.0.RELEASE\plugins\org.eclipse.justj.openjdk.hotspot.jre.full.win32.x86_64_21.0.5.v20241023-1957\jre\bin\server\jvm.dll
0x00007ffe76fe0000 - 0x00007ffe77094000 	C:\WINDOWS\System32\ADVAPI32.dll
0x00007ffe75a70000 - 0x00007ffe75b16000 	C:\WINDOWS\System32\sechost.dll
0x00007ffe75e40000 - 0x00007ffe75f56000 	C:\WINDOWS\System32\RPCRT4.dll
0x00007ffe76aa0000 - 0x00007ffe76b14000 	C:\WINDOWS\System32\WS2_32.dll
0x00007ffe5d300000 - 0x00007ffe5d336000 	C:\WINDOWS\SYSTEM32\WINMM.dll
0x00007ffe59e80000 - 0x00007ffe59e8b000 	C:\WINDOWS\SYSTEM32\VERSION.dll
0x00007ffe745c0000 - 0x00007ffe7460e000 	C:\WINDOWS\SYSTEM32\POWRPROF.dll
0x00007ffe74490000 - 0x00007ffe744a4000 	C:\WINDOWS\SYSTEM32\UMPDC.dll
0x00007ffe735d0000 - 0x00007ffe735ea000 	C:\WINDOWS\SYSTEM32\kernel.appcore.dll
0x00007ffe6b990000 - 0x00007ffe6b99a000 	D:\sts\spring-tool-suite-4-4.27.0.RELEASE-e4.34.0-win32.win32.x86_64\sts-4.27.0.RELEASE\plugins\org.eclipse.justj.openjdk.hotspot.jre.full.win32.x86_64_21.0.5.v20241023-1957\jre\bin\jimage.dll
0x00007ffe6ca70000 - 0x00007ffe6ccb1000 	C:\WINDOWS\SYSTEM32\DBGHELP.DLL
0x00007ffe76b20000 - 0x00007ffe76e9e000 	C:\WINDOWS\System32\combase.dll
0x00007ffe75280000 - 0x00007ffe75356000 	C:\WINDOWS\System32\OLEAUT32.dll
0x00007ffe565d0000 - 0x00007ffe56609000 	C:\WINDOWS\SYSTEM32\dbgcore.DLL
0x00007ffe749c0000 - 0x00007ffe74a59000 	C:\WINDOWS\System32\bcryptPrimitives.dll
0x00007ffe69cd0000 - 0x00007ffe69cef000 	D:\sts\spring-tool-suite-4-4.27.0.RELEASE-e4.34.0-win32.win32.x86_64\sts-4.27.0.RELEASE\plugins\org.eclipse.justj.openjdk.hotspot.jre.full.win32.x86_64_21.0.5.v20241023-1957\jre\bin\java.dll
0x00007ffe75360000 - 0x00007ffe75a64000 	C:\WINDOWS\System32\SHELL32.dll
0x00007ffe724a0000 - 0x00007ffe72cd7000 	C:\WINDOWS\SYSTEM32\windows.storage.dll
0x00007ffe77300000 - 0x00007ffe773e9000 	C:\WINDOWS\System32\SHCORE.dll
0x00007ffe76f00000 - 0x00007ffe76f5d000 	C:\WINDOWS\System32\shlwapi.dll
0x00007ffe746f0000 - 0x00007ffe7471e000 	C:\WINDOWS\SYSTEM32\profapi.dll
0x00007ffe69cb0000 - 0x00007ffe69cc8000 	D:\sts\spring-tool-suite-4-4.27.0.RELEASE-e4.34.0-win32.win32.x86_64\sts-4.27.0.RELEASE\plugins\org.eclipse.justj.openjdk.hotspot.jre.full.win32.x86_64_21.0.5.v20241023-1957\jre\bin\zip.dll
0x00007ffe6a5e0000 - 0x00007ffe6a5f0000 	D:\sts\spring-tool-suite-4-4.27.0.RELEASE-e4.34.0-win32.win32.x86_64\sts-4.27.0.RELEASE\plugins\org.eclipse.justj.openjdk.hotspot.jre.full.win32.x86_64_21.0.5.v20241023-1957\jre\bin\net.dll
0x00007ffe70350000 - 0x00007ffe7046e000 	C:\WINDOWS\SYSTEM32\WINHTTP.dll
0x00007ffe73ac0000 - 0x00007ffe73b2a000 	C:\WINDOWS\system32\mswsock.dll
0x00007ffe69c90000 - 0x00007ffe69ca6000 	D:\sts\spring-tool-suite-4-4.27.0.RELEASE-e4.34.0-win32.win32.x86_64\sts-4.27.0.RELEASE\plugins\org.eclipse.justj.openjdk.hotspot.jre.full.win32.x86_64_21.0.5.v20241023-1957\jre\bin\nio.dll
0x00007ffe4a810000 - 0x00007ffe4a81a000 	D:\sts\spring-tool-suite-4-4.27.0.RELEASE-e4.34.0-win32.win32.x86_64\sts-4.27.0.RELEASE\plugins\org.eclipse.justj.openjdk.hotspot.jre.full.win32.x86_64_21.0.5.v20241023-1957\jre\bin\management.dll
0x00007ffe4a8a0000 - 0x00007ffe4a8ab000 	D:\sts\spring-tool-suite-4-4.27.0.RELEASE-e4.34.0-win32.win32.x86_64\sts-4.27.0.RELEASE\plugins\org.eclipse.justj.openjdk.hotspot.jre.full.win32.x86_64_21.0.5.v20241023-1957\jre\bin\management_ext.dll
0x00007ffe773f0000 - 0x00007ffe773f8000 	C:\WINDOWS\System32\PSAPI.DLL
0x00007ffe51730000 - 0x00007ffe51748000 	C:\WINDOWS\system32\napinsp.dll
0x00007ffe73080000 - 0x00007ffe731a5000 	C:\WINDOWS\SYSTEM32\DNSAPI.dll
0x00007ffe72ff0000 - 0x00007ffe73022000 	C:\WINDOWS\SYSTEM32\IPHLPAPI.DLL
0x00007ffe75b20000 - 0x00007ffe75b2a000 	C:\WINDOWS\System32\NSI.dll
0x00007ffe521f0000 - 0x00007ffe52202000 	C:\WINDOWS\System32\winrnr.dll
0x00007ffe51700000 - 0x00007ffe51722000 	C:\WINDOWS\system32\nlansp_c.dll
0x00007ffe516e0000 - 0x00007ffe516f6000 	C:\WINDOWS\system32\wshbth.dll
0x00007ffe6d960000 - 0x00007ffe6d96b000 	C:\Windows\System32\rasadhlp.dll
0x00007ffe711a0000 - 0x00007ffe71225000 	C:\WINDOWS\System32\fwpuclnt.dll
0x00007ffe73e70000 - 0x00007ffe73e8c000 	C:\WINDOWS\SYSTEM32\CRYPTSP.dll
0x00007ffe73530000 - 0x00007ffe73568000 	C:\WINDOWS\system32\rsaenh.dll
0x00007ffe73b60000 - 0x00007ffe73b8b000 	C:\WINDOWS\SYSTEM32\USERENV.dll
0x00007ffe74000000 - 0x00007ffe74026000 	C:\WINDOWS\SYSTEM32\bcrypt.dll
0x00007ffe73cf0000 - 0x00007ffe73cfc000 	C:\WINDOWS\SYSTEM32\CRYPTBASE.dll
0x00007ffe69a70000 - 0x00007ffe69a79000 	D:\sts\spring-tool-suite-4-4.27.0.RELEASE-e4.34.0-win32.win32.x86_64\sts-4.27.0.RELEASE\plugins\org.eclipse.justj.openjdk.hotspot.jre.full.win32.x86_64_21.0.5.v20241023-1957\jre\bin\extnet.dll
0x00007ffe69c30000 - 0x00007ffe69c3e000 	D:\sts\spring-tool-suite-4-4.27.0.RELEASE-e4.34.0-win32.win32.x86_64\sts-4.27.0.RELEASE\plugins\org.eclipse.justj.openjdk.hotspot.jre.full.win32.x86_64_21.0.5.v20241023-1957\jre\bin\sunmscapi.dll
0x00007ffe74fb0000 - 0x00007ffe75126000 	C:\WINDOWS\System32\CRYPT32.dll
0x00007ffe73fc0000 - 0x00007ffe73ff0000 	C:\WINDOWS\SYSTEM32\ncrypt.dll
0x00007ffe73f70000 - 0x00007ffe73faf000 	C:\WINDOWS\SYSTEM32\NTASN1.dll
0x00007ffe69c80000 - 0x00007ffe69c90000 	D:\sts\spring-tool-suite-4-4.27.0.RELEASE-e4.34.0-win32.win32.x86_64\sts-4.27.0.RELEASE\plugins\org.eclipse.justj.openjdk.hotspot.jre.full.win32.x86_64_21.0.5.v20241023-1957\jre\bin\verify.dll
0x00007ffe48b80000 - 0x00007ffe48b88000 	C:\WINDOWS\system32\wshunix.dll

dbghelp: loaded successfully - version: 4.0.5 - missing functions: none
symbol engine: initialized successfully - sym options: 0x614 - pdb path: .;D:\sts\spring-tool-suite-4-4.27.0.RELEASE-e4.34.0-win32.win32.x86_64\sts-4.27.0.RELEASE\plugins\org.eclipse.justj.openjdk.hotspot.jre.full.win32.x86_64_21.0.5.v20241023-1957\jre\bin;C:\WINDOWS\SYSTEM32;C:\WINDOWS\WinSxS\amd64_microsoft.windows.common-controls_6595b64144ccf1df_6.0.26100.3037_none_3e09262ce333c378;D:\sts\spring-tool-suite-4-4.27.0.RELEASE-e4.34.0-win32.win32.x86_64\sts-4.27.0.RELEASE\plugins\org.eclipse.justj.openjdk.hotspot.jre.full.win32.x86_64_21.0.5.v20241023-1957\jre\bin\server

VM Arguments:
jvm_args: -Dcom.sun.management.jmxremote -Dcom.sun.management.jmxremote.port=53219 -Dcom.sun.management.jmxremote.authenticate=false -Dcom.sun.management.jmxremote.ssl=false -Djava.rmi.server.hostname=localhost -Dspring.jmx.enabled=true -Dmanagement.endpoints.jmx.exposure.include=* -Dspring.application.admin.enabled=true -XX:TieredStopAtLevel=1 -Dspring.boot.project.name=online-food-ordering -Dfile.encoding=UTF-8 -Dstdout.encoding=UTF-8 -Dstderr.encoding=UTF-8 -XX:+ShowCodeDetailsInExceptionMessages 
java_command: com.adi.OnlineFoodOrderingApplication --spring.output.ansi.enabled=always
java_class_path (initial): D:\Final yr projects\Food-ordering-website\backend\online-food-ordering\target\classes;C:\Users\Aditya\.m2\repository\org\springframework\boot\spring-boot-starter-data-jpa\3.4.3\spring-boot-starter-data-jpa-3.4.3.jar;C:\Users\Aditya\.m2\repository\org\springframework\boot\spring-boot-starter\3.4.3\spring-boot-starter-3.4.3.jar;C:\Users\Aditya\.m2\repository\org\springframework\boot\spring-boot-starter-logging\3.4.3\spring-boot-starter-logging-3.4.3.jar;C:\Users\Aditya\.m2\repository\ch\qos\logback\logback-classic\1.5.16\logback-classic-1.5.16.jar;C:\Users\Aditya\.m2\repository\ch\qos\logback\logback-core\1.5.16\logback-core-1.5.16.jar;C:\Users\Aditya\.m2\repository\org\apache\logging\log4j\log4j-to-slf4j\2.24.3\log4j-to-slf4j-2.24.3.jar;C:\Users\Aditya\.m2\repository\org\apache\logging\log4j\log4j-api\2.24.3\log4j-api-2.24.3.jar;C:\Users\Aditya\.m2\repository\org\slf4j\jul-to-slf4j\2.0.16\jul-to-slf4j-2.0.16.jar;C:\Users\Aditya\.m2\repository\jakarta\annotation\jakarta.annotation-api\2.1.1\jakarta.annotation-api-2.1.1.jar;C:\Users\Aditya\.m2\repository\org\yaml\snakeyaml\2.3\snakeyaml-2.3.jar;C:\Users\Aditya\.m2\repository\org\springframework\boot\spring-boot-starter-jdbc\3.4.3\spring-boot-starter-jdbc-3.4.3.jar;C:\Users\Aditya\.m2\repository\com\zaxxer\HikariCP\5.1.0\HikariCP-5.1.0.jar;C:\Users\Aditya\.m2\repository\org\springframework\spring-jdbc\6.2.3\spring-jdbc-6.2.3.jar;C:\Users\Aditya\.m2\repository\org\hibernate\orm\hibernate-core\6.6.8.Final\hibernate-core-6.6.8.Final.jar;C:\Users\Aditya\.m2\repository\jakarta\persistence\jakarta.persistence-api\3.1.0\jakarta.persistence-api-3.1.0.jar;C:\Users\Aditya\.m2\repository\jakarta\transaction\jakarta.transaction-api\2.0.1\jakarta.transaction-api-2.0.1.jar;C:\Users\Aditya\.m2\repository\org\jboss\logging\jboss-logging\3.6.1.Final\jboss-logging-3.6.1.Final.jar;C:\Users\Aditya\.m2\repository\org\hibernate\common\hibernate-commons-annotations\7.0.3.Final\hibernate-commons-annotations-7.0.3.Final.jar;C:\Users\Aditya\.m2\repository\io\smallrye\jandex\3.2.0\jandex-3.2.0.jar;C:\Users\Aditya\.m2\repository\com\fasterxml\classmate\1.7.0\classmate-1.7.0.jar;C:\Users\Aditya\.m2\repository\net\bytebuddy\byte-buddy\1.15.11\byte-buddy-1.15.11.jar;C:\Users\Aditya\.m2\repository\org\glassfish\jaxb\jaxb-runtime\4.0.5\jaxb-runtime-4.0.5.jar;C:\Users\Aditya\.m2\repository\org\glassfish\jaxb\jaxb-core\4.0.5\jaxb-core-4.0.5.jar;C:\Users\Aditya\.m2\repository\org\eclipse\angus\angus-activation\2.0.2\angus-activation-2.0.2.jar;C:\Users\Aditya\.m2\repository\org\glassfish\jaxb\txw2\4.0.5\txw2-4.0.5.jar;C:\Users\Aditya\.m2\repository\com\sun\istack\istack-commons-runtime\4.1.2\istack-commons-runtime-4.1.2.jar;C:\Users\Aditya\.m2\repository\jakarta\inject\jakarta.inject-api\2.0.1\jakarta.inject-api-2.0.1.jar;C:\Users\Aditya\.m2\repository\org\antlr\antlr4-runtime\4.13.0\antlr4-runtime-4.13.0.jar;C:\Users\Aditya\.m2\repository\org\springframework\data\spring-data-jpa\3.4.3\spring-data-jpa-3.4.3.jar;C:\Users\Aditya\.m2\repository\org\springframework\data\spring-data-commons\3.4.3\spring-data-commons-3.4.3.jar;C:\Users\Aditya\.m2\repository\org\springframework\spring-orm\6.2.3\spring-orm-6.2.3.jar;C:\Users\Aditya\.m2\repository\org\springframework\spring-context\6.2.3\spring-context-6.2.3.jar;C:\Users\Aditya\.m2\repository\org\springframework\spring-tx\6.2.3\spring-tx-6.2.3.jar;C:\Users\Aditya\.m2\repository\org\springframework\spring-beans\6.2.3\spring-beans-6.2.3.jar;C:\Users\Aditya\.m2\repository\org\slf4j\slf4j-api\2.0.16\slf4j-api-2.0.16.jar;C:\Users\Aditya\.m2\repository\org\springframework\spring-aspects\6.2.3\spring-aspects-6.2.3.jar;C:\Users\Aditya\.m2\repository\org\aspectj\aspectjweaver\1.9.22.1\aspectjweaver-1.9.22.1.jar;C:\Users\Aditya\.m2\repository\org\springframework\boot\spring-boot-starter-security\3.4.3\spring-boot-starter-security-3.4.3.jar;C:\Users\Aditya\.m2\repository\org\springframework\spring-aop\6.2.3\spring-aop-6.2.3.jar;C:\Users\Aditya\.m2\repository\org\springframework\security\spring-security-config\6.4.3\spring-security-config-6.4.3.jar;C:\Users\Aditya\.m2\repository\org\springframework\security\spring-security-web\6.4.3\spring-security-web-6.4.3.jar;C:\Users\Aditya\.m2\repository\org\springframework\spring-expression\6.2.3\spring-expression-6.2.3.jar;C:\Users\Aditya\.m2\repository\org\springframework\boot\spring-boot-starter-web\3.4.3\spring-boot-starter-web-3.4.3.jar;C:\Users\Aditya\.m2\repository\org\springframework\boot\spring-boot-starter-json\3.4.3\spring-boot-starter-json-3.4.3.jar;C:\Users\Aditya\.m2\repository\com\fasterxml\jackson\datatype\jackson-datatype-jdk8\2.18.2\jackson-datatype-jdk8-2.18.2.jar;C:\Users\Aditya\.m2\repository\com\fasterxml\jackson\datatype\jackson-datatype-jsr310\2.18.2\jackson-datatype-jsr310-2.18.2.jar;C:\Users\Aditya\.m2\repository\com\fasterxml\jackson\module\jackson-module-parameter-names\2.18.2\jackson-module-parameter-names-2.18.2.jar;C:\Users\Aditya\.m2\repository\org\springframework\boot\spring-boot-starter-tomcat\3.4.3\spring-boot-starter-tomcat-3.4.3.jar;C:\Users\Aditya\.m2\repository\org\apache\tomcat\embed\tomcat-embed-core\10.1.36\tomcat-embed-core-10.1.36.jar;C:\Users\Aditya\.m2\repository\org\apache\tomcat\embed\tomcat-embed-el\10.1.36\tomcat-embed-el-10.1.36.jar;C:\Users\Aditya\.m2\repository\org\apache\tomcat\embed\tomcat-embed-websocket\10.1.36\tomcat-embed-websocket-10.1.36.jar;C:\Users\Aditya\.m2\repository\org\springframework\spring-web\6.2.3\spring-web-6.2.3.jar;C:\Users\Aditya\.m2\repository\io\micrometer\micrometer-observation\1.14.4\micrometer-observation-1.14.4.jar;C:\Users\Aditya\.m2\repository\io\micrometer\micrometer-commons\1.14.4\micrometer-commons-1.14.4.jar;C:\Users\Aditya\.m2\repository\org\springframework\spring-webmvc\6.2.3\spring-webmvc-6.2.3.jar;C:\Users\Aditya\.m2\repository\org\springframework\boot\spring-boot-devtools\3.4.3\spring-boot-devtools-3.4.3.jar;C:\Users\Aditya\.m2\repository\org\springframework\boot\spring-boot\3.4.3\spring-boot-3.4.3.jar;C:\Users\Aditya\.m2\repository\org\springframework\boot\spring-boot-autoconfigure\3.4.3\spring-boot-autoconfigure-3.4.3.jar;C:\Users\Aditya\.m2\repository\com\mysql\mysql-connector-j\9.1.0\mysql-connector-j-9.1.0.jar;C:\Users\Aditya\.m2\repository\org\projectlombok\lombok\1.18.36\lombok-1.18.36.jar;C:\Users\Aditya\.m2\repository\jakarta\xml\bind\jakarta.xml.bind-api\4.0.2\jakarta.xml.bind-api-4.0.2.jar;C:\Users\Aditya\.m2\repository\jakarta\activation\jakarta.activation-api\2.1.3\jakarta.activation-api-2.1.3.jar;C:\Users\Aditya\.m2\repository\org\springframework\spring-core\6.2.3\spring-core-6.2.3.jar;C:\Users\Aditya\.m2\repository\org\springframework\spring-jcl\6.2.3\spring-jcl-6.2.3.jar;C:\Users\Aditya\.m2\repository\org\springframework\security\spring-security-core\6.4.3\spring-security-core-6.4.3.jar;C:\Users\Aditya\.m2\repository\org\springframework\security\spring-security-crypto\6.4.3\spring-security-crypto-6.4.3.jar;C:\Users\Aditya\.m2\repository\io\jsonwebtoken\jjwt-api\0.11.5\jjwt-api-0.11.5.jar;C:\Users\Aditya\.m2\repository\io\jsonwebtoken\jjwt-impl\0.11.5\jjwt-impl-0.11.5.jar;C:\Users\Aditya\.m2\repository\io\jsonwebtoken\jjwt-jackson\0.11.5\jjwt-jackson-0.11.5.jar;C:\Users\Aditya\.m2\repository\com\fasterxml\jackson\core\jackson-databind\2.18.2\jackson-databind-2.18.2.jar;C:\Users\Aditya\.m2\repository\com\fasterxml\jackson\core\jackson-annotations\2.18.2\jackson-annotations-2.18.2.jar;C:\Users\Aditya\.m2\repository\com\fasterxml\jackson\core\jackson-core\2.18.2\jackson-core-2.18.2.jar
Launcher Type: SUN_STANDARD

[Global flags]
     intx CICompilerCount                          = 4                                         {product} {ergonomic}
     uint ConcGCThreads                            = 2                                         {product} {ergonomic}
     uint G1ConcRefinementThreads                  = 8                                         {product} {ergonomic}
   size_t G1HeapRegionSize                         = 1048576                                   {product} {ergonomic}
    uintx GCDrainStackTargetSize                   = 64                                        {product} {ergonomic}
   size_t InitialHeapSize                          = 98566144                                  {product} {ergonomic}
     bool ManagementServer                         = true                                      {product} {command line}
   size_t MarkStackSize                            = 4194304                                   {product} {ergonomic}
   size_t MaxHeapSize                              = 1564475392                                {product} {ergonomic}
   size_t MaxNewSize                               = 938475520                                 {product} {ergonomic}
   size_t MinHeapDeltaBytes                        = 1048576                                   {product} {ergonomic}
   size_t MinHeapSize                              = 8388608                                   {product} {ergonomic}
    uintx NonNMethodCodeHeapSize                   = 4096                                   {pd product} {ergonomic}
    uintx NonProfiledCodeHeapSize                  = 0                                      {pd product} {ergonomic}
     bool ProfileInterpreter                       = false                                  {pd product} {command line}
    uintx ProfiledCodeHeapSize                     = 0                                      {pd product} {ergonomic}
     bool ShowCodeDetailsInExceptionMessages       = true                                   {manageable} {command line}
   size_t SoftMaxHeapSize                          = 1564475392                             {manageable} {ergonomic}
     intx TieredStopAtLevel                        = 1                                         {product} {command line}
     bool UseCompressedOops                        = true                           {product lp64_product} {ergonomic}
     bool UseG1GC                                  = true                                      {product} {ergonomic}
     bool UseLargePagesIndividualAllocation        = false                                  {pd product} {ergonomic}

Logging:
Log output configuration:
 #0: stdout all=warning uptime,level,tags foldmultilines=false
 #1: stderr all=off uptime,level,tags foldmultilines=false

Environment Variables:
PATH=D:/sts/spring-tool-suite-4-4.27.0.RELEASE-e4.34.0-win32.win32.x86_64/sts-4.27.0.RELEASE//plugins/org.eclipse.justj.openjdk.hotspot.jre.full.win32.x86_64_21.0.5.v20241023-1957/jre/bin/server;D:/sts/spring-tool-suite-4-4.27.0.RELEASE-e4.34.0-win32.win32.x86_64/sts-4.27.0.RELEASE//plugins/org.eclipse.justj.openjdk.hotspot.jre.full.win32.x86_64_21.0.5.v20241023-1957/jre/bin;C:\Program Files\Python313\Scripts\;C:\Program Files\Python313\;C:\Python312\Scripts\;C:\Python312\;C:\Program Files\Common Files\Oracle\Java\javapath;C:\WINDOWS\system32;C:\WINDOWS;C:\WINDOWS\System32\Wbem;C:\WINDOWS\System32\WindowsPowerShell\v1.0\;C:\WINDOWS\System32\OpenSSH\;C:\Program Files\Java\jdk-21\bin;C:\Program Files\nodejs\;C:\ProgramData\chocolatey\bin\;C:\Program Files\dotnet\;C:\buildtool\apache-maven-3.9.9\bin;C:\Program Files\Git\cmd;C:\Users\Aditya\AppData\Local\Programs\Python\Python310\Scripts\;C:\Users\Aditya\AppData\Local\Programs\Python\Python310\;C:\Users\Aditya\AppData\Local\Programs\Python\Python313\Scripts\;C:\Users\Aditya\AppData\Local\Programs\Python\Python313\;C:\Program Files\MySQL\MySQL Shell 8.0\bin\;C:\Users\Aditya\AppData\Local\Microsoft\WindowsApps;C:\Users\Aditya\AppData\Local\Programs\Microsoft VS Code\bin;C:\Program Files\JetBrains\IntelliJ IDEA Community Edition 2024.1.4\bin;;C:\Users\Aditya\AppData\Local\Microsoft\WinGet\Packages\Schniz.fnm_Microsoft.Winget.Source_8wekyb3d8bbwe;C:\Users\Aditya\AppData\Roaming\npm;C:\Users\Aditya\.dotnet\tools;C:\Users\Aditya\AppData\Local\GitHubDesktop\bin;D:\cursor\resources\app\bin;D:\sts\spring-tool-suite-4-4.27.0.RELEASE-e4.34.0-win32.win32.x86_64\sts-4.27.0.RELEASE;
USERNAME=Aditya
OS=Windows_NT
PROCESSOR_IDENTIFIER=AMD64 Family 23 Model 160 Stepping 0, AuthenticAMD
TMP=C:\Users\Aditya\AppData\Local\Temp
TEMP=C:\Users\Aditya\AppData\Local\Temp




Periodic native trim disabled

---------------  S Y S T E M  ---------------

OS:
 Windows 11 , 64 bit Build 26100 (10.0.26100.3037)
OS uptime: 13 days 4:48 hours
Hyper-V role detected

CPU: total 8 (initial active 8) (8 cores per cpu, 2 threads per core) family 23 model 160 stepping 0 microcode 0x8a00006, cx8, cmov, fxsr, ht, mmx, 3dnowpref, sse, sse2, sse3, ssse3, sse4a, sse4.1, sse4.2, popcnt, lzcnt, tsc, tscinvbit, avx, avx2, aes, clmul, bmi1, bmi2, adx, sha, fma, vzeroupper, clflush, clflushopt, hv, rdtscp, rdpid, f16c
Processor Information for all 8 processors :
  Max Mhz: 2401, Current Mhz: 2401, Mhz Limit: 2401

Memory: 4k page, system-wide physical 5965M (5M free)
TotalPageFile size 24397M (AvailPageFile size 168M)
current process WorkingSet (physical memory assigned to process): 57M, peak: 234M
current process commit charge ("private bytes"): 271M, peak: 272M

vm_info: OpenJDK 64-Bit Server VM (21.0.5+11-LTS) for windows-amd64 JRE (21.0.5+11-LTS), built on 2024-10-15T00:00:00Z by "admin" with MS VC++ 17.7 (VS2022)

END.
